<?xml version="1.0" encoding="UTF-8"?>
<robot generated="20180722 17:04:42.511" generator="Robot 3.0.3 (Python 2.7.10 on darwin)">
<suite source="/Users/user/Documents/2018/책/Keyword/TestCase/3_1_RFBaseStructure.robot" id="s1" name="3 1 RFBaseStructure">
<kw type="setup" name="TestSuite_SETUP">
<kw name="Log" library="BuiltIn">
<doc>Logs the given message with the given level.</doc>
<arguments>
<arg>1.TestSuite_SETUP</arg>
<arg>console=true</arg>
</arguments>
<msg timestamp="20180722 17:04:42.847" level="INFO">1.TestSuite_SETUP</msg>
<status status="PASS" endtime="20180722 17:04:42.847" starttime="20180722 17:04:42.847"></status>
</kw>
<status status="PASS" endtime="20180722 17:04:42.848" starttime="20180722 17:04:42.846"></status>
</kw>
<test id="s1-t1" name="TC1_RF_TSFixture">
<kw type="setup" name="TestCase_SETUP">
<kw name="Log" library="BuiltIn">
<doc>Logs the given message with the given level.</doc>
<arguments>
<arg>2.TestSuite_TestCase_SETUP</arg>
<arg>console=true</arg>
</arguments>
<msg timestamp="20180722 17:04:42.854" level="INFO">2.TestSuite_TestCase_SETUP</msg>
<status status="PASS" endtime="20180722 17:04:42.854" starttime="20180722 17:04:42.853"></status>
</kw>
<status status="PASS" endtime="20180722 17:04:42.854" starttime="20180722 17:04:42.852"></status>
</kw>
<kw name="Log" library="BuiltIn">
<doc>Logs the given message with the given level.</doc>
<arguments>
<arg>only TC</arg>
<arg>console=true</arg>
</arguments>
<msg timestamp="20180722 17:04:42.855" level="INFO">only TC</msg>
<status status="PASS" endtime="20180722 17:04:42.855" starttime="20180722 17:04:42.854"></status>
</kw>
<kw type="teardown" name="TestCase_TEARDOWN">
<kw name="Log" library="BuiltIn">
<doc>Logs the given message with the given level.</doc>
<arguments>
<arg>6.TestSuite_TestCase_TEARDOWN</arg>
<arg>console=true</arg>
</arguments>
<msg timestamp="20180722 17:04:42.857" level="INFO">6.TestSuite_TestCase_TEARDOWN</msg>
<status status="PASS" endtime="20180722 17:04:42.857" starttime="20180722 17:04:42.857"></status>
</kw>
<status status="PASS" endtime="20180722 17:04:42.858" starttime="20180722 17:04:42.856"></status>
</kw>
<doc>실습1 RFStructure : 테스트 스윗 픽스쳐 기능 확인</doc>
<tags>
<tag>basic</tag>
</tags>
<timeout value="1 hour 40 minutes 2 seconds"></timeout>
<status status="PASS" endtime="20180722 17:04:42.858" critical="yes" starttime="20180722 17:04:42.848"></status>
</test>
<test id="s1-t2" name="TC2_RF_Variable">
<kw type="setup" name="TestCase_SETUP">
<kw name="Log" library="BuiltIn">
<doc>Logs the given message with the given level.</doc>
<arguments>
<arg>2.TestSuite_TestCase_SETUP</arg>
<arg>console=true</arg>
</arguments>
<msg timestamp="20180722 17:04:42.863" level="INFO">2.TestSuite_TestCase_SETUP</msg>
<status status="PASS" endtime="20180722 17:04:42.864" starttime="20180722 17:04:42.863"></status>
</kw>
<status status="PASS" endtime="20180722 17:04:42.864" starttime="20180722 17:04:42.862"></status>
</kw>
<kw name="Log Many" library="BuiltIn">
<doc>Logs the given messages as separate entries using the INFO level.</doc>
<arguments>
<arg>user name is ${USER_NAME}</arg>
<arg>pass is ${USER_PASS}</arg>
</arguments>
<msg timestamp="20180722 17:04:42.866" level="INFO">user name is robot</msg>
<msg timestamp="20180722 17:04:42.868" level="INFO">pass is secret</msg>
<status status="PASS" endtime="20180722 17:04:42.869" starttime="20180722 17:04:42.866"></status>
</kw>
<kw type="teardown" name="TestCase_TEARDOWN">
<kw name="Log" library="BuiltIn">
<doc>Logs the given message with the given level.</doc>
<arguments>
<arg>6.TestSuite_TestCase_TEARDOWN</arg>
<arg>console=true</arg>
</arguments>
<msg timestamp="20180722 17:04:42.872" level="INFO">6.TestSuite_TestCase_TEARDOWN</msg>
<status status="PASS" endtime="20180722 17:04:42.872" starttime="20180722 17:04:42.871"></status>
</kw>
<status status="PASS" endtime="20180722 17:04:42.872" starttime="20180722 17:04:42.870"></status>
</kw>
<doc>실습1 RFStructure : 변수값 확인</doc>
<tags>
<tag>basic</tag>
</tags>
<timeout value="1 hour 40 minutes 2 seconds"></timeout>
<status status="PASS" endtime="20180722 17:04:42.874" critical="yes" starttime="20180722 17:04:42.859"></status>
</test>
<test id="s1-t3" name="TC3_RF_UserKeyword">
<kw type="setup" name="TestCase_SETUP">
<kw name="Log" library="BuiltIn">
<doc>Logs the given message with the given level.</doc>
<arguments>
<arg>2.TestSuite_TestCase_SETUP</arg>
<arg>console=true</arg>
</arguments>
<msg timestamp="20180722 17:04:42.880" level="INFO">2.TestSuite_TestCase_SETUP</msg>
<status status="PASS" endtime="20180722 17:04:42.880" starttime="20180722 17:04:42.879"></status>
</kw>
<status status="PASS" endtime="20180722 17:04:42.880" starttime="20180722 17:04:42.878"></status>
</kw>
<kw name="User Keyword">
<doc>example keyword</doc>
<kw name="Log Many" library="BuiltIn">
<doc>Logs the given messages as separate entries using the INFO level.</doc>
<arguments>
<arg>User keyword</arg>
<arg>user name is ${USER_NAME}</arg>
</arguments>
<msg timestamp="20180722 17:04:42.882" level="INFO">User keyword</msg>
<msg timestamp="20180722 17:04:42.882" level="INFO">user name is robot</msg>
<status status="PASS" endtime="20180722 17:04:42.882" starttime="20180722 17:04:42.881"></status>
</kw>
<kw type="teardown" name="Keyword_TEARDOWN">
<kw name="Log" library="BuiltIn">
<doc>Logs the given message with the given level.</doc>
<arguments>
<arg>4. Keyword Teardown</arg>
<arg>console=true</arg>
</arguments>
<msg timestamp="20180722 17:04:42.884" level="INFO">4. Keyword Teardown</msg>
<status status="PASS" endtime="20180722 17:04:42.884" starttime="20180722 17:04:42.883"></status>
</kw>
<status status="PASS" endtime="20180722 17:04:42.885" starttime="20180722 17:04:42.883"></status>
</kw>
<status status="PASS" endtime="20180722 17:04:42.885" starttime="20180722 17:04:42.881"></status>
</kw>
<kw type="teardown" name="TestCase_TEARDOWN">
<kw name="Log" library="BuiltIn">
<doc>Logs the given message with the given level.</doc>
<arguments>
<arg>6.TestSuite_TestCase_TEARDOWN</arg>
<arg>console=true</arg>
</arguments>
<msg timestamp="20180722 17:04:42.887" level="INFO">6.TestSuite_TestCase_TEARDOWN</msg>
<status status="PASS" endtime="20180722 17:04:42.887" starttime="20180722 17:04:42.886"></status>
</kw>
<status status="PASS" endtime="20180722 17:04:42.887" starttime="20180722 17:04:42.885"></status>
</kw>
<doc>실습1 RFStructure  사용자 키워드 사용</doc>
<tags>
<tag>basic</tag>
</tags>
<timeout value="1 hour 40 minutes 2 seconds"></timeout>
<status status="PASS" endtime="20180722 17:04:42.888" critical="yes" starttime="20180722 17:04:42.875"></status>
</test>
<test id="s1-t4" name="TC4_RF_MyFixture">
<kw type="setup" name="Example_SETUP">
<kw name="Log" library="BuiltIn">
<doc>Logs the given message with the given level.</doc>
<arguments>
<arg>3.ExampleTC_SETUP</arg>
<arg>console=true</arg>
</arguments>
<msg timestamp="20180722 17:04:42.893" level="INFO">3.ExampleTC_SETUP</msg>
<status status="PASS" endtime="20180722 17:04:42.893" starttime="20180722 17:04:42.892"></status>
</kw>
<status status="PASS" endtime="20180722 17:04:42.893" starttime="20180722 17:04:42.891"></status>
</kw>
<kw name="Log" library="BuiltIn">
<doc>Logs the given message with the given level.</doc>
<arguments>
<arg>UserKeyword running...</arg>
<arg>console=true</arg>
</arguments>
<msg timestamp="20180722 17:04:42.895" level="INFO">UserKeyword running...</msg>
<status status="PASS" endtime="20180722 17:04:42.895" starttime="20180722 17:04:42.894"></status>
</kw>
<kw type="teardown" name="Example_TEARDOWN">
<kw name="Log" library="BuiltIn">
<doc>Logs the given message with the given level.</doc>
<arguments>
<arg>5 .ExampleTC_TEARDOWN</arg>
<arg>console=true</arg>
</arguments>
<msg timestamp="20180722 17:04:42.897" level="INFO">5 .ExampleTC_TEARDOWN</msg>
<status status="PASS" endtime="20180722 17:04:42.897" starttime="20180722 17:04:42.896"></status>
</kw>
<status status="PASS" endtime="20180722 17:04:42.897" starttime="20180722 17:04:42.896"></status>
</kw>
<doc>실습1 RFStructure : 테스트 케이스 prefix 확인</doc>
<tags>
<tag>basic</tag>
</tags>
<timeout value="1 hour 40 minutes 2 seconds"></timeout>
<status status="PASS" endtime="20180722 17:04:42.898" critical="yes" starttime="20180722 17:04:42.888"></status>
</test>
<test id="s1-t5" name="TC5_RF_TCFixture">
<kw name="Log" library="BuiltIn">
<doc>Logs the given message with the given level.</doc>
<arguments>
<arg>only TC</arg>
<arg>console=true</arg>
</arguments>
<msg timestamp="20180722 17:04:42.904" level="INFO">only TC</msg>
<status status="PASS" endtime="20180722 17:04:42.904" starttime="20180722 17:04:42.903"></status>
</kw>
<doc>실습 2 Prefix 사용 오류 : prefix syntax 만 있고 값이 없는 경우</doc>
<tags>
<tag>basic</tag>
</tags>
<timeout value="1 hour 40 minutes 2 seconds"></timeout>
<status status="PASS" endtime="20180722 17:04:42.904" critical="yes" starttime="20180722 17:04:42.899"></status>
</test>
<test id="s1-t6" name="TC6_Arg_Tag_i">
<kw type="setup" name="TestCase_SETUP">
<kw name="Log" library="BuiltIn">
<doc>Logs the given message with the given level.</doc>
<arguments>
<arg>2.TestSuite_TestCase_SETUP</arg>
<arg>console=true</arg>
</arguments>
<msg timestamp="20180722 17:04:42.909" level="INFO">2.TestSuite_TestCase_SETUP</msg>
<status status="PASS" endtime="20180722 17:04:42.909" starttime="20180722 17:04:42.908"></status>
</kw>
<status status="PASS" endtime="20180722 17:04:42.909" starttime="20180722 17:04:42.908"></status>
</kw>
<kw name="Log" library="BuiltIn">
<doc>Logs the given message with the given level.</doc>
<arguments>
<arg>host-${HOST}</arg>
<arg>console=true</arg>
</arguments>
<msg timestamp="20180722 17:04:42.911" level="INFO">host-8.8.8.8</msg>
<status status="PASS" endtime="20180722 17:04:42.911" starttime="20180722 17:04:42.910"></status>
</kw>
<kw type="teardown" name="TestCase_TEARDOWN">
<kw name="Log" library="BuiltIn">
<doc>Logs the given message with the given level.</doc>
<arguments>
<arg>6.TestSuite_TestCase_TEARDOWN</arg>
<arg>console=true</arg>
</arguments>
<msg timestamp="20180722 17:04:42.913" level="INFO">6.TestSuite_TestCase_TEARDOWN</msg>
<status status="PASS" endtime="20180722 17:04:42.913" starttime="20180722 17:04:42.912"></status>
</kw>
<status status="PASS" endtime="20180722 17:04:42.913" starttime="20180722 17:04:42.912"></status>
</kw>
<doc>실습 3 Tag 옵션 i</doc>
<tags>
<tag>basic</tag>
<tag>ex</tag>
</tags>
<timeout value="1 hour 40 minutes 2 seconds"></timeout>
<status status="PASS" endtime="20180722 17:04:42.914" critical="yes" starttime="20180722 17:04:42.906"></status>
</test>
<test id="s1-t7" name="TC7_Arg_Tag_n">
<kw type="setup" name="TestCase_SETUP">
<kw name="Log" library="BuiltIn">
<doc>Logs the given message with the given level.</doc>
<arguments>
<arg>2.TestSuite_TestCase_SETUP</arg>
<arg>console=true</arg>
</arguments>
<msg timestamp="20180722 17:04:42.919" level="INFO">2.TestSuite_TestCase_SETUP</msg>
<status status="PASS" endtime="20180722 17:04:42.919" starttime="20180722 17:04:42.918"></status>
</kw>
<status status="PASS" endtime="20180722 17:04:42.920" starttime="20180722 17:04:42.917"></status>
</kw>
<kw name="Log" library="BuiltIn">
<doc>Logs the given message with the given level.</doc>
<arguments>
<arg>must fail</arg>
<arg>console=true</arg>
</arguments>
<msg timestamp="20180722 17:04:42.921" level="INFO">must fail</msg>
<status status="PASS" endtime="20180722 17:04:42.921" starttime="20180722 17:04:42.920"></status>
</kw>
<kw name="Fail" library="BuiltIn">
<doc>Fails the test with the given message and optionally alters its tags.</doc>
<msg timestamp="20180722 17:04:42.923" level="FAIL">AssertionError</msg>
<status status="FAIL" endtime="20180722 17:04:42.923" starttime="20180722 17:04:42.922"></status>
</kw>
<kw type="teardown" name="TestCase_TEARDOWN">
<kw name="Log" library="BuiltIn">
<doc>Logs the given message with the given level.</doc>
<arguments>
<arg>6.TestSuite_TestCase_TEARDOWN</arg>
<arg>console=true</arg>
</arguments>
<msg timestamp="20180722 17:04:42.927" level="INFO">6.TestSuite_TestCase_TEARDOWN</msg>
<status status="PASS" endtime="20180722 17:04:42.927" starttime="20180722 17:04:42.926"></status>
</kw>
<status status="PASS" endtime="20180722 17:04:42.928" starttime="20180722 17:04:42.924"></status>
</kw>
<doc>실습 4 태그 옵션 n</doc>
<tags>
<tag>basic</tag>
<tag>non</tag>
</tags>
<timeout value="1 hour 40 minutes 2 seconds"></timeout>
<status status="FAIL" endtime="20180722 17:04:42.928" critical="yes" starttime="20180722 17:04:42.915">AssertionError</status>
</test>
<test id="s1-t8" name="TC8_Arg_Variable">
<kw type="setup" name="TestCase_SETUP">
<kw name="Log" library="BuiltIn">
<doc>Logs the given message with the given level.</doc>
<arguments>
<arg>2.TestSuite_TestCase_SETUP</arg>
<arg>console=true</arg>
</arguments>
<msg timestamp="20180722 17:04:42.933" level="INFO">2.TestSuite_TestCase_SETUP</msg>
<status status="PASS" endtime="20180722 17:04:42.933" starttime="20180722 17:04:42.932"></status>
</kw>
<status status="PASS" endtime="20180722 17:04:42.933" starttime="20180722 17:04:42.931"></status>
</kw>
<kw name="Set Variable" library="BuiltIn">
<doc>Returns the given values which can then be assigned to a variables.</doc>
<arguments>
<arg>9.9.9.9</arg>
</arguments>
<assign>
<var>${local_host}</var>
</assign>
<msg timestamp="20180722 17:04:42.935" level="INFO">${local_host} = 9.9.9.9</msg>
<status status="PASS" endtime="20180722 17:04:42.936" starttime="20180722 17:04:42.934"></status>
</kw>
<kw name="Log Many" library="BuiltIn">
<doc>Logs the given messages as separate entries using the INFO level.</doc>
<arguments>
<arg>global host-${HOST}</arg>
<arg>local host-${local_host}</arg>
</arguments>
<msg timestamp="20180722 17:04:42.937" level="INFO">global host-8.8.8.8</msg>
<msg timestamp="20180722 17:04:42.938" level="INFO">local host-9.9.9.9</msg>
<status status="PASS" endtime="20180722 17:04:42.938" starttime="20180722 17:04:42.936"></status>
</kw>
<kw name="Log To Console" library="BuiltIn">
<doc>Logs the given message to the console.</doc>
<arguments>
<arg>global host-${HOST}</arg>
</arguments>
<status status="PASS" endtime="20180722 17:04:42.939" starttime="20180722 17:04:42.939"></status>
</kw>
<kw name="Log To Console" library="BuiltIn">
<doc>Logs the given message to the console.</doc>
<arguments>
<arg>local host-${local_host</arg>
</arguments>
<status status="PASS" endtime="20180722 17:04:42.941" starttime="20180722 17:04:42.940"></status>
</kw>
<kw type="teardown" name="TestCase_TEARDOWN">
<kw name="Log" library="BuiltIn">
<doc>Logs the given message with the given level.</doc>
<arguments>
<arg>6.TestSuite_TestCase_TEARDOWN</arg>
<arg>console=true</arg>
</arguments>
<msg timestamp="20180722 17:04:42.942" level="INFO">6.TestSuite_TestCase_TEARDOWN</msg>
<status status="PASS" endtime="20180722 17:04:42.942" starttime="20180722 17:04:42.942"></status>
</kw>
<status status="PASS" endtime="20180722 17:04:42.943" starttime="20180722 17:04:42.941"></status>
</kw>
<doc>Vaiable example</doc>
<tags>
<tag>basic</tag>
<tag>var</tag>
</tags>
<timeout value="1 hour 40 minutes 2 seconds"></timeout>
<status status="PASS" endtime="20180722 17:04:42.943" critical="yes" starttime="20180722 17:04:42.929"></status>
</test>
<test id="s1-t9" name="TC9_Arg_Log">
<kw type="setup" name="TestCase_SETUP">
<kw name="Log" library="BuiltIn">
<doc>Logs the given message with the given level.</doc>
<arguments>
<arg>2.TestSuite_TestCase_SETUP</arg>
<arg>console=true</arg>
</arguments>
<msg timestamp="20180722 17:04:42.947" level="INFO">2.TestSuite_TestCase_SETUP</msg>
<status status="PASS" endtime="20180722 17:04:42.947" starttime="20180722 17:04:42.946"></status>
</kw>
<status status="PASS" endtime="20180722 17:04:42.948" starttime="20180722 17:04:42.945"></status>
</kw>
<kw name="Log" library="BuiltIn">
<doc>Logs the given message with the given level.</doc>
<arguments>
<arg>change log level</arg>
<arg>console=true</arg>
</arguments>
<msg timestamp="20180722 17:04:42.948" level="INFO">change log level</msg>
<status status="PASS" endtime="20180722 17:04:42.949" starttime="20180722 17:04:42.948"></status>
</kw>
<kw name="Set Log Level" library="BuiltIn">
<doc>Sets the log threshold to the specified level and returns the old level.</doc>
<arguments>
<arg>TRACE</arg>
</arguments>
<msg timestamp="20180722 17:04:42.950" level="INFO">Log level changed from INFO to TRACE.</msg>
<msg timestamp="20180722 17:04:42.950" level="TRACE">Return: b'INFO'</msg>
<status status="PASS" endtime="20180722 17:04:42.950" starttime="20180722 17:04:42.949"></status>
</kw>
<kw name="Comment" library="BuiltIn">
<doc>Displays the given messages in the log file as keyword arguments.</doc>
<arguments>
<arg>Fail</arg>
</arguments>
<msg timestamp="20180722 17:04:42.952" level="TRACE">Arguments: [ 'Fail' ]</msg>
<msg timestamp="20180722 17:04:42.952" level="TRACE">Return: None</msg>
<status status="PASS" endtime="20180722 17:04:42.952" starttime="20180722 17:04:42.951"></status>
</kw>
<kw type="teardown" name="TestCase_TEARDOWN">
<msg timestamp="20180722 17:04:42.953" level="TRACE">Arguments: [  ]</msg>
<kw name="Log" library="BuiltIn">
<doc>Logs the given message with the given level.</doc>
<arguments>
<arg>6.TestSuite_TestCase_TEARDOWN</arg>
<arg>console=true</arg>
</arguments>
<msg timestamp="20180722 17:04:42.955" level="TRACE">Arguments: [ '6.TestSuite_TestCase_TEARDOWN' | console='true' ]</msg>
<msg timestamp="20180722 17:04:42.955" level="INFO">6.TestSuite_TestCase_TEARDOWN</msg>
<msg timestamp="20180722 17:04:42.955" level="TRACE">Return: None</msg>
<status status="PASS" endtime="20180722 17:04:42.955" starttime="20180722 17:04:42.954"></status>
</kw>
<msg timestamp="20180722 17:04:42.956" level="TRACE">Return: None</msg>
<status status="PASS" endtime="20180722 17:04:42.956" starttime="20180722 17:04:42.953"></status>
</kw>
<tags>
<tag>basic</tag>
<tag>log</tag>
</tags>
<timeout value="1 hour 40 minutes 2 seconds"></timeout>
<status status="PASS" endtime="20180722 17:04:42.956" critical="yes" starttime="20180722 17:04:42.944"></status>
</test>
<kw type="teardown" name="TestSuite_TEARDOWN">
<msg timestamp="20180722 17:04:42.959" level="TRACE">Arguments: [  ]</msg>
<kw name="Log" library="BuiltIn">
<doc>Logs the given message with the given level.</doc>
<arguments>
<arg>7.TestSuite_TEARDOWN</arg>
<arg>console=true</arg>
</arguments>
<msg timestamp="20180722 17:04:42.959" level="TRACE">Arguments: [ '7.TestSuite_TEARDOWN' | console='true' ]</msg>
<msg timestamp="20180722 17:04:42.960" level="INFO">7.TestSuite_TEARDOWN</msg>
<msg timestamp="20180722 17:04:42.960" level="TRACE">Return: None</msg>
<status status="PASS" endtime="20180722 17:04:42.960" starttime="20180722 17:04:42.959"></status>
</kw>
<msg timestamp="20180722 17:04:42.960" level="TRACE">Return: None</msg>
<status status="PASS" endtime="20180722 17:04:42.961" starttime="20180722 17:04:42.958"></status>
</kw>
<doc>Keyword Based Automation Test</doc>
<status status="FAIL" endtime="20180722 17:04:42.961" starttime="20180722 17:04:42.515"></status>
</suite>
<statistics>
<total>
<stat fail="1" pass="8">Critical Tests</stat>
<stat fail="1" pass="8">All Tests</stat>
</total>
<tag>
<stat fail="1" pass="8">basic</stat>
<stat fail="0" pass="1">ex</stat>
<stat fail="0" pass="1">log</stat>
<stat fail="1" pass="0">non</stat>
<stat fail="0" pass="1">var</stat>
</tag>
<suite>
<stat fail="1" id="s1" name="3 1 RFBaseStructure" pass="8">3 1 RFBaseStructure</stat>
</suite>
</statistics>
<errors>
<msg timestamp="20180722 17:04:42.822" level="ERROR">Error in file '/Users/user/Documents/2018/책/Keyword/TestCase/Resource/common.robot': Importing test library 'AutoItLibrary' failed: ImportError: No module named AutoItLibrary
Traceback (most recent call last):
  None
PYTHONPATH:
  /usr/local/bin
  /System/Library/Frameworks/Python.framework/Versions/2.7/lib/python27.zip
  /System/Library/Frameworks/Python.framework/Versions/2.7/lib/python2.7
  /System/Library/Frameworks/Python.framework/Versions/2.7/lib/python2.7/plat-darwin
  /System/Library/Frameworks/Python.framework/Versions/2.7/lib/python2.7/plat-mac
  /System/Library/Frameworks/Python.framework/Versions/2.7/lib/python2.7/plat-mac/lib-scriptpackages
  /System/Library/Frameworks/Python.framework/Versions/2.7/Extras/lib/python
  /System/Library/Frameworks/Python.framework/Versions/2.7/lib/python2.7/lib-tk
  /System/Library/Frameworks/Python.framework/Versions/2.7/lib/python2.7/lib-old
  /System/Library/Frameworks/Python.framework/Versions/2.7/lib/python2.7/lib-dynload
  /System/Library/Frameworks/Python.framework/Versions/2.7/Extras/lib/python/PyObjC
  /Library/Python/2.7/site-packages</msg>
<msg timestamp="20180722 17:04:42.824" level="ERROR">Error in file '/Users/user/Documents/2018/책/Keyword/TestCase/Resource/common.robot': Importing test library 'DiffLibrary' failed: ImportError: No module named DiffLibrary
Traceback (most recent call last):
  None
PYTHONPATH:
  /usr/local/bin
  /System/Library/Frameworks/Python.framework/Versions/2.7/lib/python27.zip
  /System/Library/Frameworks/Python.framework/Versions/2.7/lib/python2.7
  /System/Library/Frameworks/Python.framework/Versions/2.7/lib/python2.7/plat-darwin
  /System/Library/Frameworks/Python.framework/Versions/2.7/lib/python2.7/plat-mac
  /System/Library/Frameworks/Python.framework/Versions/2.7/lib/python2.7/plat-mac/lib-scriptpackages
  /System/Library/Frameworks/Python.framework/Versions/2.7/Extras/lib/python
  /System/Library/Frameworks/Python.framework/Versions/2.7/lib/python2.7/lib-tk
  /System/Library/Frameworks/Python.framework/Versions/2.7/lib/python2.7/lib-old
  /System/Library/Frameworks/Python.framework/Versions/2.7/lib/python2.7/lib-dynload
  /System/Library/Frameworks/Python.framework/Versions/2.7/Extras/lib/python/PyObjC
  /Library/Python/2.7/site-packages</msg>
<msg timestamp="20180722 17:04:42.826" level="ERROR">Error in file '/Users/user/Documents/2018/책/Keyword/TestCase/Resource/common.robot': Importing test library 'SSHLibrary' failed: ImportError: No module named SSHLibrary
Traceback (most recent call last):
  None
PYTHONPATH:
  /usr/local/bin
  /System/Library/Frameworks/Python.framework/Versions/2.7/lib/python27.zip
  /System/Library/Frameworks/Python.framework/Versions/2.7/lib/python2.7
  /System/Library/Frameworks/Python.framework/Versions/2.7/lib/python2.7/plat-darwin
  /System/Library/Frameworks/Python.framework/Versions/2.7/lib/python2.7/plat-mac
  /System/Library/Frameworks/Python.framework/Versions/2.7/lib/python2.7/plat-mac/lib-scriptpackages
  /System/Library/Frameworks/Python.framework/Versions/2.7/Extras/lib/python
  /System/Library/Frameworks/Python.framework/Versions/2.7/lib/python2.7/lib-tk
  /System/Library/Frameworks/Python.framework/Versions/2.7/lib/python2.7/lib-old
  /System/Library/Frameworks/Python.framework/Versions/2.7/lib/python2.7/lib-dynload
  /System/Library/Frameworks/Python.framework/Versions/2.7/Extras/lib/python/PyObjC
  /Library/Python/2.7/site-packages</msg>
<msg timestamp="20180722 17:04:42.828" level="ERROR">Error in file '/Users/user/Documents/2018/책/Keyword/TestCase/Resource/common.robot': Importing test library 'Selenium2Library' failed: ImportError: No module named Selenium2Library
Traceback (most recent call last):
  None
PYTHONPATH:
  /usr/local/bin
  /System/Library/Frameworks/Python.framework/Versions/2.7/lib/python27.zip
  /System/Library/Frameworks/Python.framework/Versions/2.7/lib/python2.7
  /System/Library/Frameworks/Python.framework/Versions/2.7/lib/python2.7/plat-darwin
  /System/Library/Frameworks/Python.framework/Versions/2.7/lib/python2.7/plat-mac
  /System/Library/Frameworks/Python.framework/Versions/2.7/lib/python2.7/plat-mac/lib-scriptpackages
  /System/Library/Frameworks/Python.framework/Versions/2.7/Extras/lib/python
  /System/Library/Frameworks/Python.framework/Versions/2.7/lib/python2.7/lib-tk
  /System/Library/Frameworks/Python.framework/Versions/2.7/lib/python2.7/lib-old
  /System/Library/Frameworks/Python.framework/Versions/2.7/lib/python2.7/lib-dynload
  /System/Library/Frameworks/Python.framework/Versions/2.7/Extras/lib/python/PyObjC
  /Library/Python/2.7/site-packages</msg>
<msg timestamp="20180722 17:04:42.830" level="ERROR">Error in file '/Users/user/Documents/2018/책/Keyword/TestCase/Resource/common.robot': Importing test library 'AppiumLibrary' failed: ImportError: No module named AppiumLibrary
Traceback (most recent call last):
  None
PYTHONPATH:
  /usr/local/bin
  /System/Library/Frameworks/Python.framework/Versions/2.7/lib/python27.zip
  /System/Library/Frameworks/Python.framework/Versions/2.7/lib/python2.7
  /System/Library/Frameworks/Python.framework/Versions/2.7/lib/python2.7/plat-darwin
  /System/Library/Frameworks/Python.framework/Versions/2.7/lib/python2.7/plat-mac
  /System/Library/Frameworks/Python.framework/Versions/2.7/lib/python2.7/plat-mac/lib-scriptpackages
  /System/Library/Frameworks/Python.framework/Versions/2.7/Extras/lib/python
  /System/Library/Frameworks/Python.framework/Versions/2.7/lib/python2.7/lib-tk
  /System/Library/Frameworks/Python.framework/Versions/2.7/lib/python2.7/lib-old
  /System/Library/Frameworks/Python.framework/Versions/2.7/lib/python2.7/lib-dynload
  /System/Library/Frameworks/Python.framework/Versions/2.7/Extras/lib/python/PyObjC
  /Library/Python/2.7/site-packages</msg>
<msg timestamp="20180722 17:04:42.831" level="ERROR">Error in file '/Users/user/Documents/2018/책/Keyword/TestCase/Resource/common.robot': Importing test library 'DatabaseLibrary' failed: ImportError: No module named DatabaseLibrary
Traceback (most recent call last):
  None
PYTHONPATH:
  /usr/local/bin
  /System/Library/Frameworks/Python.framework/Versions/2.7/lib/python27.zip
  /System/Library/Frameworks/Python.framework/Versions/2.7/lib/python2.7
  /System/Library/Frameworks/Python.framework/Versions/2.7/lib/python2.7/plat-darwin
  /System/Library/Frameworks/Python.framework/Versions/2.7/lib/python2.7/plat-mac
  /System/Library/Frameworks/Python.framework/Versions/2.7/lib/python2.7/plat-mac/lib-scriptpackages
  /System/Library/Frameworks/Python.framework/Versions/2.7/Extras/lib/python
  /System/Library/Frameworks/Python.framework/Versions/2.7/lib/python2.7/lib-tk
  /System/Library/Frameworks/Python.framework/Versions/2.7/lib/python2.7/lib-old
  /System/Library/Frameworks/Python.framework/Versions/2.7/lib/python2.7/lib-dynload
  /System/Library/Frameworks/Python.framework/Versions/2.7/Extras/lib/python/PyObjC
  /Library/Python/2.7/site-packages</msg>
<msg timestamp="20180722 17:04:42.832" level="ERROR">Error in file '/Users/user/Documents/2018/책/Keyword/TestCase/Resource/common.robot': Importing test library 'PysphereLibrary' failed: ImportError: No module named PysphereLibrary
Traceback (most recent call last):
  None
PYTHONPATH:
  /usr/local/bin
  /System/Library/Frameworks/Python.framework/Versions/2.7/lib/python27.zip
  /System/Library/Frameworks/Python.framework/Versions/2.7/lib/python2.7
  /System/Library/Frameworks/Python.framework/Versions/2.7/lib/python2.7/plat-darwin
  /System/Library/Frameworks/Python.framework/Versions/2.7/lib/python2.7/plat-mac
  /System/Library/Frameworks/Python.framework/Versions/2.7/lib/python2.7/plat-mac/lib-scriptpackages
  /System/Library/Frameworks/Python.framework/Versions/2.7/Extras/lib/python
  /System/Library/Frameworks/Python.framework/Versions/2.7/lib/python2.7/lib-tk
  /System/Library/Frameworks/Python.framework/Versions/2.7/lib/python2.7/lib-old
  /System/Library/Frameworks/Python.framework/Versions/2.7/lib/python2.7/lib-dynload
  /System/Library/Frameworks/Python.framework/Versions/2.7/Extras/lib/python/PyObjC
  /Library/Python/2.7/site-packages</msg>
<msg timestamp="20180722 17:04:42.833" level="ERROR">Error in file '/Users/user/Documents/2018/책/Keyword/TestCase/Resource/common.robot': Importing test library 'FtpLibrary' failed: ImportError: No module named FtpLibrary
Traceback (most recent call last):
  None
PYTHONPATH:
  /usr/local/bin
  /System/Library/Frameworks/Python.framework/Versions/2.7/lib/python27.zip
  /System/Library/Frameworks/Python.framework/Versions/2.7/lib/python2.7
  /System/Library/Frameworks/Python.framework/Versions/2.7/lib/python2.7/plat-darwin
  /System/Library/Frameworks/Python.framework/Versions/2.7/lib/python2.7/plat-mac
  /System/Library/Frameworks/Python.framework/Versions/2.7/lib/python2.7/plat-mac/lib-scriptpackages
  /System/Library/Frameworks/Python.framework/Versions/2.7/Extras/lib/python
  /System/Library/Frameworks/Python.framework/Versions/2.7/lib/python2.7/lib-tk
  /System/Library/Frameworks/Python.framework/Versions/2.7/lib/python2.7/lib-old
  /System/Library/Frameworks/Python.framework/Versions/2.7/lib/python2.7/lib-dynload
  /System/Library/Frameworks/Python.framework/Versions/2.7/Extras/lib/python/PyObjC
  /Library/Python/2.7/site-packages</msg>
<msg timestamp="20180722 17:04:42.835" level="ERROR">Error in file '/Users/user/Documents/2018/책/Keyword/TestCase/Resource/common.robot': Importing test library 'RequestsLibrary' failed: ImportError: No module named RequestsLibrary
Traceback (most recent call last):
  None
PYTHONPATH:
  /usr/local/bin
  /System/Library/Frameworks/Python.framework/Versions/2.7/lib/python27.zip
  /System/Library/Frameworks/Python.framework/Versions/2.7/lib/python2.7
  /System/Library/Frameworks/Python.framework/Versions/2.7/lib/python2.7/plat-darwin
  /System/Library/Frameworks/Python.framework/Versions/2.7/lib/python2.7/plat-mac
  /System/Library/Frameworks/Python.framework/Versions/2.7/lib/python2.7/plat-mac/lib-scriptpackages
  /System/Library/Frameworks/Python.framework/Versions/2.7/Extras/lib/python
  /System/Library/Frameworks/Python.framework/Versions/2.7/lib/python2.7/lib-tk
  /System/Library/Frameworks/Python.framework/Versions/2.7/lib/python2.7/lib-old
  /System/Library/Frameworks/Python.framework/Versions/2.7/lib/python2.7/lib-dynload
  /System/Library/Frameworks/Python.framework/Versions/2.7/Extras/lib/python/PyObjC
  /Library/Python/2.7/site-packages</msg>
<msg timestamp="20180722 17:04:42.837" level="ERROR">Error in file '/Users/user/Documents/2018/책/Keyword/TestCase/Resource/common.robot': Test library 'CalculatorLibrary.py' does not exist.</msg>
<msg timestamp="20180722 17:04:42.839" level="ERROR">Error in file '/Users/user/Documents/2018/책/Keyword/TestCase/Resource/common.robot': Test library 'MyLibrary.py' does not exist.</msg>
<msg timestamp="20180722 17:04:42.840" level="ERROR">Error in file '/Users/user/Documents/2018/책/Keyword/TestCase/Resource/common.robot': Importing test library 'KeywordLibrary' failed: ImportError: No module named KeywordLibrary
Traceback (most recent call last):
  None
PYTHONPATH:
  /usr/local/bin
  /System/Library/Frameworks/Python.framework/Versions/2.7/lib/python27.zip
  /System/Library/Frameworks/Python.framework/Versions/2.7/lib/python2.7
  /System/Library/Frameworks/Python.framework/Versions/2.7/lib/python2.7/plat-darwin
  /System/Library/Frameworks/Python.framework/Versions/2.7/lib/python2.7/plat-mac
  /System/Library/Frameworks/Python.framework/Versions/2.7/lib/python2.7/plat-mac/lib-scriptpackages
  /System/Library/Frameworks/Python.framework/Versions/2.7/Extras/lib/python
  /System/Library/Frameworks/Python.framework/Versions/2.7/lib/python2.7/lib-tk
  /System/Library/Frameworks/Python.framework/Versions/2.7/lib/python2.7/lib-old
  /System/Library/Frameworks/Python.framework/Versions/2.7/lib/python2.7/lib-dynload
  /System/Library/Frameworks/Python.framework/Versions/2.7/Extras/lib/python/PyObjC
  /Library/Python/2.7/site-packages</msg>
</errors>
</robot>
